00:17:58,745 INFO  [org.jboss.as.configadmin] (ServerService Thread Pool -- 26) JBAS016200: Activating ConfigAdmin Subsystem
00:17:58,793 INFO  [org.jboss.as.connector.subsystems.datasources] (ServerService Thread Pool -- 27) JBAS010403: Deploying JDBC-compliant driver class org.h2.Driver (version 1.3)
00:17:58,817 INFO  [org.jboss.as.naming] (ServerService Thread Pool -- 38) JBAS011800: Activating Naming Subsystem
00:17:58,829 INFO  [org.jboss.as.security] (ServerService Thread Pool -- 44) JBAS013101: Activating Security Subsystem
00:17:58,880 INFO  [org.jboss.as.naming] (MSC service thread 1-1) JBAS011802: Starting Naming Service
00:17:58,962 INFO  [org.jboss.as.osgi] (ServerService Thread Pool -- 39) JBAS011940: Activating OSGi Subsystem
00:17:59,008 INFO  [org.jboss.as.connector] (MSC service thread 1-3) JBAS010408: Starting JCA Subsystem (JBoss IronJacamar 1.0.9.Final)
00:17:59,013 INFO  [org.jboss.as.mail.extension] (MSC service thread 1-1) JBAS015400: Bound mail session [java:jboss/mail/Default]
00:17:59,023 INFO  [org.jboss.as.clustering.infinispan] (ServerService Thread Pool -- 31) JBAS010280: Activating Infinispan subsystem.
00:17:59,033 INFO  [org.jboss.as.webservices] (ServerService Thread Pool -- 48) JBAS015537: Activating WebServices Extension
00:17:59,072 INFO  [org.jboss.as.security] (MSC service thread 1-3) JBAS013100: Current PicketBox version=4.0.7.Final
00:17:59,791 INFO  [org.jboss.ws.common.management.AbstractServerConfig] (MSC service thread 1-3) JBoss Web Services - Stack CXF Server 4.0.2.GA
00:17:59,962 INFO  [org.jboss.as.server.deployment.scanner] (MSC service thread 1-3) JBAS015012: Started FileSystemDeploymentService for directory C:\Users\DELL\Desktop\mvn\hw\target\jboss-as-run\jboss-as-7.1.1.Final\standalone\deployments
00:18:00,029 ERROR [org.jboss.msc.service.fail] (MSC service thread 1-2) MSC00001: Failed to start service jboss.remoting.server.management: org.jboss.msc.service.StartException in service jboss.remoting.server.management: JBAS017112: Address already in use: bind /127.0.0.1:9999
	at org.jboss.as.remoting.AbstractStreamServerService.start(AbstractStreamServerService.java:109)
	at org.jboss.msc.service.ServiceControllerImpl$StartTask.startService(ServiceControllerImpl.java:1811) [jboss-msc-1.0.2.GA.jar:1.0.2.GA]
	at org.jboss.msc.service.ServiceControllerImpl$StartTask.run(ServiceControllerImpl.java:1746) [jboss-msc-1.0.2.GA.jar:1.0.2.GA]
	at java.util.concurrent.ThreadPoolExecutor.runWorker(Unknown Source) [rt.jar:1.7.0_45]
	at java.util.concurrent.ThreadPoolExecutor$Worker.run(Unknown Source) [rt.jar:1.7.0_45]
	at java.lang.Thread.run(Unknown Source) [rt.jar:1.7.0_45]
Caused by: java.net.BindException: Address already in use: bind
	at sun.nio.ch.Net.bind0(Native Method) [rt.jar:1.7.0_45]
	at sun.nio.ch.Net.bind(Unknown Source) [rt.jar:1.7.0_45]
	at sun.nio.ch.Net.bind(Unknown Source) [rt.jar:1.7.0_45]
	at sun.nio.ch.ServerSocketChannelImpl.bind(Unknown Source) [rt.jar:1.7.0_45]
	at sun.nio.ch.ServerSocketAdaptor.bind(Unknown Source) [rt.jar:1.7.0_45]
	at sun.nio.ch.ServerSocketAdaptor.bind(Unknown Source) [rt.jar:1.7.0_45]
	at org.xnio.nio.NioXnioWorker.createTcpServer(NioXnioWorker.java:287)
	at org.xnio.XnioWorker.createStreamServer(XnioWorker.java:135)
	at org.jboss.remoting3.remote.RemoteConnectionProvider$ProviderInterface.createServer(RemoteConnectionProvider.java:209)
	at org.jboss.as.remoting.AbstractStreamServerService.start(AbstractStreamServerService.java:101)
	... 5 more

00:18:00,043 ERROR [org.jboss.msc.service.fail] (MSC service thread 1-4) MSC00001: Failed to start service jboss.remoting.server.remoting-connector: org.jboss.msc.service.StartException in service jboss.remoting.server.remoting-connector: JBAS017112: Address already in use: bind /127.0.0.1:4447
	at org.jboss.as.remoting.AbstractStreamServerService.start(AbstractStreamServerService.java:109)
	at org.jboss.msc.service.ServiceControllerImpl$StartTask.startService(ServiceControllerImpl.java:1811) [jboss-msc-1.0.2.GA.jar:1.0.2.GA]
	at org.jboss.msc.service.ServiceControllerImpl$StartTask.run(ServiceControllerImpl.java:1746) [jboss-msc-1.0.2.GA.jar:1.0.2.GA]
	at java.util.concurrent.ThreadPoolExecutor.runWorker(Unknown Source) [rt.jar:1.7.0_45]
	at java.util.concurrent.ThreadPoolExecutor$Worker.run(Unknown Source) [rt.jar:1.7.0_45]
	at java.lang.Thread.run(Unknown Source) [rt.jar:1.7.0_45]
Caused by: java.net.BindException: Address already in use: bind
	at sun.nio.ch.Net.bind0(Native Method) [rt.jar:1.7.0_45]
	at sun.nio.ch.Net.bind(Unknown Source) [rt.jar:1.7.0_45]
	at sun.nio.ch.Net.bind(Unknown Source) [rt.jar:1.7.0_45]
	at sun.nio.ch.ServerSocketChannelImpl.bind(Unknown Source) [rt.jar:1.7.0_45]
	at sun.nio.ch.ServerSocketAdaptor.bind(Unknown Source) [rt.jar:1.7.0_45]
	at sun.nio.ch.ServerSocketAdaptor.bind(Unknown Source) [rt.jar:1.7.0_45]
	at org.xnio.nio.NioXnioWorker.createTcpServer(NioXnioWorker.java:287)
	at org.xnio.XnioWorker.createStreamServer(XnioWorker.java:135)
	at org.jboss.remoting3.remote.RemoteConnectionProvider$ProviderInterface.createServer(RemoteConnectionProvider.java:209)
	at org.jboss.as.remoting.AbstractStreamServerService.start(AbstractStreamServerService.java:101)
	... 5 more

00:18:00,108 ERROR [org.jboss.msc.service.fail] (MSC service thread 1-1) MSC00001: Failed to start service jboss.serverManagement.controller.management.http: org.jboss.msc.service.StartException in service jboss.serverManagement.controller.management.http: Address already in use: bind /127.0.0.1:9990
	at org.jboss.as.server.mgmt.HttpManagementService.start(HttpManagementService.java:210) [jboss-as-server-7.1.1.Final.jar:7.1.1.Final]
	at org.jboss.msc.service.ServiceControllerImpl$StartTask.startService(ServiceControllerImpl.java:1811) [jboss-msc-1.0.2.GA.jar:1.0.2.GA]
	at org.jboss.msc.service.ServiceControllerImpl$StartTask.run(ServiceControllerImpl.java:1746) [jboss-msc-1.0.2.GA.jar:1.0.2.GA]
	at java.util.concurrent.ThreadPoolExecutor.runWorker(Unknown Source) [rt.jar:1.7.0_45]
	at java.util.concurrent.ThreadPoolExecutor$Worker.run(Unknown Source) [rt.jar:1.7.0_45]
	at java.lang.Thread.run(Unknown Source) [rt.jar:1.7.0_45]
Caused by: java.net.BindException: Address already in use: bind
	at sun.nio.ch.Net.bind0(Native Method) [rt.jar:1.7.0_45]
	at sun.nio.ch.Net.bind(Unknown Source) [rt.jar:1.7.0_45]
	at sun.nio.ch.Net.bind(Unknown Source) [rt.jar:1.7.0_45]
	at sun.nio.ch.ServerSocketChannelImpl.bind(Unknown Source) [rt.jar:1.7.0_45]
	at sun.nio.ch.ServerSocketAdaptor.bind(Unknown Source) [rt.jar:1.7.0_45]
	at org.jboss.sun.net.httpserver.ServerImpl.<init>(ServerImpl.java:144)
	at org.jboss.sun.net.httpserver.HttpServerImpl.<init>(HttpServerImpl.java:54)
	at org.jboss.sun.net.httpserver.DefaultHttpServerProvider.createHttpServer(DefaultHttpServerProvider.java:38)
	at org.jboss.com.sun.net.httpserver.HttpServer.create(HttpServer.java:147)
	at org.jboss.as.domain.http.server.ManagementHttpServer.create(ManagementHttpServer.java:145)
	at org.jboss.as.server.mgmt.HttpManagementService.start(HttpManagementService.java:177) [jboss-as-server-7.1.1.Final.jar:7.1.1.Final]
	... 5 more

00:18:00,118 ERROR [org.apache.coyote.http11.Http11Protocol] (MSC service thread 1-4) Erreur à l'initialisation du point de contact: java.net.BindException: Address already in use: JVM_Bind /127.0.0.1:8080
	at org.apache.tomcat.util.net.JIoEndpoint.init(JIoEndpoint.java:983) [jbossweb-7.0.13.Final.jar:]
	at org.apache.coyote.http11.Http11Protocol.init(Http11Protocol.java:190) [jbossweb-7.0.13.Final.jar:]
	at org.apache.catalina.connector.Connector.init(Connector.java:983) [jbossweb-7.0.13.Final.jar:]
	at org.jboss.as.web.WebConnectorService.start(WebConnectorService.java:267) [jboss-as-web-7.1.1.Final.jar:7.1.1.Final]
	at org.jboss.msc.service.ServiceControllerImpl$StartTask.startService(ServiceControllerImpl.java:1811) [jboss-msc-1.0.2.GA.jar:1.0.2.GA]
	at org.jboss.msc.service.ServiceControllerImpl$StartTask.run(ServiceControllerImpl.java:1746) [jboss-msc-1.0.2.GA.jar:1.0.2.GA]
	at java.util.concurrent.ThreadPoolExecutor.runWorker(Unknown Source) [rt.jar:1.7.0_45]
	at java.util.concurrent.ThreadPoolExecutor$Worker.run(Unknown Source) [rt.jar:1.7.0_45]
	at java.lang.Thread.run(Unknown Source) [rt.jar:1.7.0_45]

00:18:00,126 ERROR [org.jboss.msc.service.fail] (MSC service thread 1-4) MSC00001: Failed to start service jboss.web.connector.http: org.jboss.msc.service.StartException in service jboss.web.connector.http: JBAS018007: Error starting web connector
	at org.jboss.as.web.WebConnectorService.start(WebConnectorService.java:271)
	at org.jboss.msc.service.ServiceControllerImpl$StartTask.startService(ServiceControllerImpl.java:1811) [jboss-msc-1.0.2.GA.jar:1.0.2.GA]
	at org.jboss.msc.service.ServiceControllerImpl$StartTask.run(ServiceControllerImpl.java:1746) [jboss-msc-1.0.2.GA.jar:1.0.2.GA]
	at java.util.concurrent.ThreadPoolExecutor.runWorker(Unknown Source) [rt.jar:1.7.0_45]
	at java.util.concurrent.ThreadPoolExecutor$Worker.run(Unknown Source) [rt.jar:1.7.0_45]
	at java.lang.Thread.run(Unknown Source) [rt.jar:1.7.0_45]
Caused by: LifecycleException:  L'initialisation du gestionnaire de protocole a échoué: java.net.BindException: Address already in use: JVM_Bind /127.0.0.1:8080
	at org.apache.catalina.connector.Connector.init(Connector.java:985)
	at org.jboss.as.web.WebConnectorService.start(WebConnectorService.java:267)
	... 5 more

00:18:00,256 INFO  [org.jboss.as.connector.subsystems.datasources] (MSC service thread 1-4) JBAS010400: Bound data source [java:jboss/datasources/ExampleDS]
00:18:00,728 INFO  [org.jboss.as.controller] (Controller Boot Thread) JBAS014774: Service status report
JBAS014777:   Services which failed to start:      service jboss.remoting.server.management: org.jboss.msc.service.StartException in service jboss.remoting.server.management: JBAS017112: Address already in use: bind /127.0.0.1:9999
      service jboss.serverManagement.controller.management.http: org.jboss.msc.service.StartException in service jboss.serverManagement.controller.management.http: Address already in use: bind /127.0.0.1:9990
      service jboss.web.connector.http: org.jboss.msc.service.StartException in service jboss.web.connector.http: JBAS018007: Error starting web connector
      service jboss.remoting.server.remoting-connector: org.jboss.msc.service.StartException in service jboss.remoting.server.remoting-connector: JBAS017112: Address already in use: bind /127.0.0.1:4447

00:18:00,968 INFO  [org.jboss.as] (Controller Boot Thread) JBAS015954: Admin console is not enabled
00:18:00,973 ERROR [org.jboss.as] (Controller Boot Thread) JBAS015875: JBoss AS 7.1.1.Final "Brontes" started (with errors) in 4215ms - Started 126 of 208 services (7 services failed or missing dependencies, 74 services are passive or on-demand)
00:18:51,413 INFO  [org.jboss.as.configadmin] (ServerService Thread Pool -- 26) JBAS016200: Activating ConfigAdmin Subsystem
00:18:51,468 INFO  [org.jboss.as.clustering.infinispan] (ServerService Thread Pool -- 31) JBAS010280: Activating Infinispan subsystem.
00:18:51,539 INFO  [org.jboss.as.connector] (MSC service thread 1-4) JBAS010408: Starting JCA Subsystem (JBoss IronJacamar 1.0.9.Final)
00:18:51,647 INFO  [org.jboss.as.webservices] (ServerService Thread Pool -- 48) JBAS015537: Activating WebServices Extension
00:18:51,684 INFO  [org.jboss.as.security] (ServerService Thread Pool -- 44) JBAS013101: Activating Security Subsystem
00:18:51,686 INFO  [org.jboss.as.naming] (ServerService Thread Pool -- 38) JBAS011800: Activating Naming Subsystem
00:18:51,756 INFO  [org.jboss.as.naming] (MSC service thread 1-2) JBAS011802: Starting Naming Service
00:18:51,757 INFO  [org.jboss.as.security] (MSC service thread 1-2) JBAS013100: Current PicketBox version=4.0.7.Final
00:18:51,786 INFO  [org.jboss.as.connector.subsystems.datasources] (ServerService Thread Pool -- 27) JBAS010403: Deploying JDBC-compliant driver class org.h2.Driver (version 1.3)
00:18:51,791 INFO  [org.jboss.as.osgi] (ServerService Thread Pool -- 39) JBAS011940: Activating OSGi Subsystem
00:18:51,993 INFO  [org.jboss.as.mail.extension] (MSC service thread 1-2) JBAS015400: Bound mail session [java:jboss/mail/Default]
00:18:52,359 INFO  [org.jboss.ws.common.management.AbstractServerConfig] (MSC service thread 1-4) JBoss Web Services - Stack CXF Server 4.0.2.GA
00:18:52,456 INFO  [org.jboss.as.server.deployment.scanner] (MSC service thread 1-4) JBAS015012: Started FileSystemDeploymentService for directory C:\Users\DELL\Desktop\mvn\hw\target\jboss-as-run\jboss-as-7.1.1.Final\standalone\deployments
00:18:52,583 ERROR [org.apache.coyote.http11.Http11Protocol] (MSC service thread 1-1) Erreur à l'initialisation du point de contact: java.net.BindException: Address already in use: JVM_Bind /127.0.0.1:8080
	at org.apache.tomcat.util.net.JIoEndpoint.init(JIoEndpoint.java:983) [jbossweb-7.0.13.Final.jar:]
	at org.apache.coyote.http11.Http11Protocol.init(Http11Protocol.java:190) [jbossweb-7.0.13.Final.jar:]
	at org.apache.catalina.connector.Connector.init(Connector.java:983) [jbossweb-7.0.13.Final.jar:]
	at org.jboss.as.web.WebConnectorService.start(WebConnectorService.java:267) [jboss-as-web-7.1.1.Final.jar:7.1.1.Final]
	at org.jboss.msc.service.ServiceControllerImpl$StartTask.startService(ServiceControllerImpl.java:1811) [jboss-msc-1.0.2.GA.jar:1.0.2.GA]
	at org.jboss.msc.service.ServiceControllerImpl$StartTask.run(ServiceControllerImpl.java:1746) [jboss-msc-1.0.2.GA.jar:1.0.2.GA]
	at java.util.concurrent.ThreadPoolExecutor.runWorker(Unknown Source) [rt.jar:1.7.0_45]
	at java.util.concurrent.ThreadPoolExecutor$Worker.run(Unknown Source) [rt.jar:1.7.0_45]
	at java.lang.Thread.run(Unknown Source) [rt.jar:1.7.0_45]

00:18:52,588 ERROR [org.jboss.msc.service.fail] (MSC service thread 1-2) MSC00001: Failed to start service jboss.remoting.server.remoting-connector: org.jboss.msc.service.StartException in service jboss.remoting.server.remoting-connector: JBAS017112: Address already in use: bind /127.0.0.1:4447
	at org.jboss.as.remoting.AbstractStreamServerService.start(AbstractStreamServerService.java:109)
	at org.jboss.msc.service.ServiceControllerImpl$StartTask.startService(ServiceControllerImpl.java:1811) [jboss-msc-1.0.2.GA.jar:1.0.2.GA]
	at org.jboss.msc.service.ServiceControllerImpl$StartTask.run(ServiceControllerImpl.java:1746) [jboss-msc-1.0.2.GA.jar:1.0.2.GA]
	at java.util.concurrent.ThreadPoolExecutor.runWorker(Unknown Source) [rt.jar:1.7.0_45]
	at java.util.concurrent.ThreadPoolExecutor$Worker.run(Unknown Source) [rt.jar:1.7.0_45]
	at java.lang.Thread.run(Unknown Source) [rt.jar:1.7.0_45]
Caused by: java.net.BindException: Address already in use: bind
	at sun.nio.ch.Net.bind0(Native Method) [rt.jar:1.7.0_45]
	at sun.nio.ch.Net.bind(Unknown Source) [rt.jar:1.7.0_45]
	at sun.nio.ch.Net.bind(Unknown Source) [rt.jar:1.7.0_45]
	at sun.nio.ch.ServerSocketChannelImpl.bind(Unknown Source) [rt.jar:1.7.0_45]
	at sun.nio.ch.ServerSocketAdaptor.bind(Unknown Source) [rt.jar:1.7.0_45]
	at sun.nio.ch.ServerSocketAdaptor.bind(Unknown Source) [rt.jar:1.7.0_45]
	at org.xnio.nio.NioXnioWorker.createTcpServer(NioXnioWorker.java:287)
	at org.xnio.XnioWorker.createStreamServer(XnioWorker.java:135)
	at org.jboss.remoting3.remote.RemoteConnectionProvider$ProviderInterface.createServer(RemoteConnectionProvider.java:209)
	at org.jboss.as.remoting.AbstractStreamServerService.start(AbstractStreamServerService.java:101)
	... 5 more

00:18:52,592 ERROR [org.jboss.msc.service.fail] (MSC service thread 1-1) MSC00001: Failed to start service jboss.web.connector.http: org.jboss.msc.service.StartException in service jboss.web.connector.http: JBAS018007: Error starting web connector
	at org.jboss.as.web.WebConnectorService.start(WebConnectorService.java:271)
	at org.jboss.msc.service.ServiceControllerImpl$StartTask.startService(ServiceControllerImpl.java:1811) [jboss-msc-1.0.2.GA.jar:1.0.2.GA]
	at org.jboss.msc.service.ServiceControllerImpl$StartTask.run(ServiceControllerImpl.java:1746) [jboss-msc-1.0.2.GA.jar:1.0.2.GA]
	at java.util.concurrent.ThreadPoolExecutor.runWorker(Unknown Source) [rt.jar:1.7.0_45]
	at java.util.concurrent.ThreadPoolExecutor$Worker.run(Unknown Source) [rt.jar:1.7.0_45]
	at java.lang.Thread.run(Unknown Source) [rt.jar:1.7.0_45]
Caused by: LifecycleException:  L'initialisation du gestionnaire de protocole a échoué: java.net.BindException: Address already in use: JVM_Bind /127.0.0.1:8080
	at org.apache.catalina.connector.Connector.init(Connector.java:985)
	at org.jboss.as.web.WebConnectorService.start(WebConnectorService.java:267)
	... 5 more

00:18:52,647 ERROR [org.jboss.msc.service.fail] (MSC service thread 1-1) MSC00001: Failed to start service jboss.remoting.server.management: org.jboss.msc.service.StartException in service jboss.remoting.server.management: JBAS017112: Address already in use: bind /127.0.0.1:9999
	at org.jboss.as.remoting.AbstractStreamServerService.start(AbstractStreamServerService.java:109)
	at org.jboss.msc.service.ServiceControllerImpl$StartTask.startService(ServiceControllerImpl.java:1811) [jboss-msc-1.0.2.GA.jar:1.0.2.GA]
	at org.jboss.msc.service.ServiceControllerImpl$StartTask.run(ServiceControllerImpl.java:1746) [jboss-msc-1.0.2.GA.jar:1.0.2.GA]
	at java.util.concurrent.ThreadPoolExecutor.runWorker(Unknown Source) [rt.jar:1.7.0_45]
	at java.util.concurrent.ThreadPoolExecutor$Worker.run(Unknown Source) [rt.jar:1.7.0_45]
	at java.lang.Thread.run(Unknown Source) [rt.jar:1.7.0_45]
Caused by: java.net.BindException: Address already in use: bind
	at sun.nio.ch.Net.bind0(Native Method) [rt.jar:1.7.0_45]
	at sun.nio.ch.Net.bind(Unknown Source) [rt.jar:1.7.0_45]
	at sun.nio.ch.Net.bind(Unknown Source) [rt.jar:1.7.0_45]
	at sun.nio.ch.ServerSocketChannelImpl.bind(Unknown Source) [rt.jar:1.7.0_45]
	at sun.nio.ch.ServerSocketAdaptor.bind(Unknown Source) [rt.jar:1.7.0_45]
	at sun.nio.ch.ServerSocketAdaptor.bind(Unknown Source) [rt.jar:1.7.0_45]
	at org.xnio.nio.NioXnioWorker.createTcpServer(NioXnioWorker.java:287)
	at org.xnio.XnioWorker.createStreamServer(XnioWorker.java:135)
	at org.jboss.remoting3.remote.RemoteConnectionProvider$ProviderInterface.createServer(RemoteConnectionProvider.java:209)
	at org.jboss.as.remoting.AbstractStreamServerService.start(AbstractStreamServerService.java:101)
	... 5 more

00:18:52,672 ERROR [org.jboss.msc.service.fail] (MSC service thread 1-1) MSC00001: Failed to start service jboss.serverManagement.controller.management.http: org.jboss.msc.service.StartException in service jboss.serverManagement.controller.management.http: Address already in use: bind /127.0.0.1:9990
	at org.jboss.as.server.mgmt.HttpManagementService.start(HttpManagementService.java:210) [jboss-as-server-7.1.1.Final.jar:7.1.1.Final]
	at org.jboss.msc.service.ServiceControllerImpl$StartTask.startService(ServiceControllerImpl.java:1811) [jboss-msc-1.0.2.GA.jar:1.0.2.GA]
	at org.jboss.msc.service.ServiceControllerImpl$StartTask.run(ServiceControllerImpl.java:1746) [jboss-msc-1.0.2.GA.jar:1.0.2.GA]
	at java.util.concurrent.ThreadPoolExecutor.runWorker(Unknown Source) [rt.jar:1.7.0_45]
	at java.util.concurrent.ThreadPoolExecutor$Worker.run(Unknown Source) [rt.jar:1.7.0_45]
	at java.lang.Thread.run(Unknown Source) [rt.jar:1.7.0_45]
Caused by: java.net.BindException: Address already in use: bind
	at sun.nio.ch.Net.bind0(Native Method) [rt.jar:1.7.0_45]
	at sun.nio.ch.Net.bind(Unknown Source) [rt.jar:1.7.0_45]
	at sun.nio.ch.Net.bind(Unknown Source) [rt.jar:1.7.0_45]
	at sun.nio.ch.ServerSocketChannelImpl.bind(Unknown Source) [rt.jar:1.7.0_45]
	at sun.nio.ch.ServerSocketAdaptor.bind(Unknown Source) [rt.jar:1.7.0_45]
	at org.jboss.sun.net.httpserver.ServerImpl.<init>(ServerImpl.java:144)
	at org.jboss.sun.net.httpserver.HttpServerImpl.<init>(HttpServerImpl.java:54)
	at org.jboss.sun.net.httpserver.DefaultHttpServerProvider.createHttpServer(DefaultHttpServerProvider.java:38)
	at org.jboss.com.sun.net.httpserver.HttpServer.create(HttpServer.java:147)
	at org.jboss.as.domain.http.server.ManagementHttpServer.create(ManagementHttpServer.java:145)
	at org.jboss.as.server.mgmt.HttpManagementService.start(HttpManagementService.java:177) [jboss-as-server-7.1.1.Final.jar:7.1.1.Final]
	... 5 more

00:18:52,799 INFO  [org.jboss.as.connector.subsystems.datasources] (MSC service thread 1-1) JBAS010400: Bound data source [java:jboss/datasources/ExampleDS]
00:18:53,219 INFO  [org.jboss.as.controller] (Controller Boot Thread) JBAS014774: Service status report
JBAS014777:   Services which failed to start:      service jboss.remoting.server.remoting-connector: org.jboss.msc.service.StartException in service jboss.remoting.server.remoting-connector: JBAS017112: Address already in use: bind /127.0.0.1:4447
      service jboss.web.connector.http: org.jboss.msc.service.StartException in service jboss.web.connector.http: JBAS018007: Error starting web connector
      service jboss.remoting.server.management: org.jboss.msc.service.StartException in service jboss.remoting.server.management: JBAS017112: Address already in use: bind /127.0.0.1:9999
      service jboss.serverManagement.controller.management.http: org.jboss.msc.service.StartException in service jboss.serverManagement.controller.management.http: Address already in use: bind /127.0.0.1:9990

00:18:53,474 INFO  [org.jboss.as] (Controller Boot Thread) JBAS015954: Admin console is not enabled
00:18:53,474 ERROR [org.jboss.as] (Controller Boot Thread) JBAS015875: JBoss AS 7.1.1.Final "Brontes" started (with errors) in 4428ms - Started 126 of 208 services (7 services failed or missing dependencies, 74 services are passive or on-demand)
00:28:18,024 INFO  [org.jboss.as.clustering.infinispan] (ServerService Thread Pool -- 31) JBAS010280: Activating Infinispan subsystem.
00:28:18,133 INFO  [org.jboss.as.connector] (MSC service thread 1-2) JBAS010408: Starting JCA Subsystem (JBoss IronJacamar 1.0.9.Final)
00:28:18,136 INFO  [org.jboss.as.naming] (ServerService Thread Pool -- 38) JBAS011800: Activating Naming Subsystem
00:28:18,139 INFO  [org.jboss.as.osgi] (ServerService Thread Pool -- 39) JBAS011940: Activating OSGi Subsystem
00:28:18,190 INFO  [org.jboss.as.security] (ServerService Thread Pool -- 44) JBAS013101: Activating Security Subsystem
00:28:18,200 INFO  [org.jboss.as.webservices] (ServerService Thread Pool -- 48) JBAS015537: Activating WebServices Extension
00:28:18,230 INFO  [org.jboss.as.security] (MSC service thread 1-4) JBAS013100: Current PicketBox version=4.0.7.Final
00:28:18,267 INFO  [org.jboss.as.connector.subsystems.datasources] (ServerService Thread Pool -- 27) JBAS010403: Deploying JDBC-compliant driver class org.h2.Driver (version 1.3)
00:28:18,473 INFO  [org.jboss.as.naming] (MSC service thread 1-4) JBAS011802: Starting Naming Service
00:28:18,480 INFO  [org.jboss.as.mail.extension] (MSC service thread 1-2) JBAS015400: Bound mail session [java:jboss/mail/Default]
00:28:19,180 INFO  [org.jboss.ws.common.management.AbstractServerConfig] (MSC service thread 1-2) JBoss Web Services - Stack CXF Server 4.0.2.GA
00:28:19,279 INFO  [org.jboss.as.server.deployment.scanner] (MSC service thread 1-4) JBAS015012: Started FileSystemDeploymentService for directory C:\Users\DELL\Desktop\mvn\hw\target\jboss-as-run\jboss-as-7.1.1.Final\standalone\deployments
00:28:19,704 ERROR [org.jboss.msc.service.fail] (MSC service thread 1-2) MSC00001: Failed to start service jboss.serverManagement.controller.management.http: org.jboss.msc.service.StartException in service jboss.serverManagement.controller.management.http: Address already in use: bind /127.0.0.1:9990
	at org.jboss.as.server.mgmt.HttpManagementService.start(HttpManagementService.java:210) [jboss-as-server-7.1.1.Final.jar:7.1.1.Final]
	at org.jboss.msc.service.ServiceControllerImpl$StartTask.startService(ServiceControllerImpl.java:1811) [jboss-msc-1.0.2.GA.jar:1.0.2.GA]
	at org.jboss.msc.service.ServiceControllerImpl$StartTask.run(ServiceControllerImpl.java:1746) [jboss-msc-1.0.2.GA.jar:1.0.2.GA]
	at java.util.concurrent.ThreadPoolExecutor.runWorker(Unknown Source) [rt.jar:1.7.0_45]
	at java.util.concurrent.ThreadPoolExecutor$Worker.run(Unknown Source) [rt.jar:1.7.0_45]
	at java.lang.Thread.run(Unknown Source) [rt.jar:1.7.0_45]
Caused by: java.net.BindException: Address already in use: bind
	at sun.nio.ch.Net.bind0(Native Method) [rt.jar:1.7.0_45]
	at sun.nio.ch.Net.bind(Unknown Source) [rt.jar:1.7.0_45]
	at sun.nio.ch.Net.bind(Unknown Source) [rt.jar:1.7.0_45]
	at sun.nio.ch.ServerSocketChannelImpl.bind(Unknown Source) [rt.jar:1.7.0_45]
	at sun.nio.ch.ServerSocketAdaptor.bind(Unknown Source) [rt.jar:1.7.0_45]
	at org.jboss.sun.net.httpserver.ServerImpl.<init>(ServerImpl.java:144)
	at org.jboss.sun.net.httpserver.HttpServerImpl.<init>(HttpServerImpl.java:54)
	at org.jboss.sun.net.httpserver.DefaultHttpServerProvider.createHttpServer(DefaultHttpServerProvider.java:38)
	at org.jboss.com.sun.net.httpserver.HttpServer.create(HttpServer.java:147)
	at org.jboss.as.domain.http.server.ManagementHttpServer.create(ManagementHttpServer.java:145)
	at org.jboss.as.server.mgmt.HttpManagementService.start(HttpManagementService.java:177) [jboss-as-server-7.1.1.Final.jar:7.1.1.Final]
	... 5 more

00:28:19,730 ERROR [org.jboss.msc.service.fail] (MSC service thread 1-2) MSC00001: Failed to start service jboss.remoting.server.remoting-connector: org.jboss.msc.service.StartException in service jboss.remoting.server.remoting-connector: JBAS017112: Address already in use: bind /127.0.0.1:4447
	at org.jboss.as.remoting.AbstractStreamServerService.start(AbstractStreamServerService.java:109)
	at org.jboss.msc.service.ServiceControllerImpl$StartTask.startService(ServiceControllerImpl.java:1811) [jboss-msc-1.0.2.GA.jar:1.0.2.GA]
	at org.jboss.msc.service.ServiceControllerImpl$StartTask.run(ServiceControllerImpl.java:1746) [jboss-msc-1.0.2.GA.jar:1.0.2.GA]
	at java.util.concurrent.ThreadPoolExecutor.runWorker(Unknown Source) [rt.jar:1.7.0_45]
	at java.util.concurrent.ThreadPoolExecutor$Worker.run(Unknown Source) [rt.jar:1.7.0_45]
	at java.lang.Thread.run(Unknown Source) [rt.jar:1.7.0_45]
Caused by: java.net.BindException: Address already in use: bind
	at sun.nio.ch.Net.bind0(Native Method) [rt.jar:1.7.0_45]
	at sun.nio.ch.Net.bind(Unknown Source) [rt.jar:1.7.0_45]
	at sun.nio.ch.Net.bind(Unknown Source) [rt.jar:1.7.0_45]
	at sun.nio.ch.ServerSocketChannelImpl.bind(Unknown Source) [rt.jar:1.7.0_45]
	at sun.nio.ch.ServerSocketAdaptor.bind(Unknown Source) [rt.jar:1.7.0_45]
	at sun.nio.ch.ServerSocketAdaptor.bind(Unknown Source) [rt.jar:1.7.0_45]
	at org.xnio.nio.NioXnioWorker.createTcpServer(NioXnioWorker.java:287)
	at org.xnio.XnioWorker.createStreamServer(XnioWorker.java:135)
	at org.jboss.remoting3.remote.RemoteConnectionProvider$ProviderInterface.createServer(RemoteConnectionProvider.java:209)
	at org.jboss.as.remoting.AbstractStreamServerService.start(AbstractStreamServerService.java:101)
	... 5 more

00:28:19,740 INFO  [org.apache.coyote.http11.Http11Protocol] (MSC service thread 1-1) Démarrage de Coyote HTTP/1.1 sur http--127.0.0.1-8080
00:28:19,771 ERROR [org.jboss.msc.service.fail] (MSC service thread 1-4) MSC00001: Failed to start service jboss.remoting.server.management: org.jboss.msc.service.StartException in service jboss.remoting.server.management: JBAS017112: Address already in use: bind /127.0.0.1:9999
	at org.jboss.as.remoting.AbstractStreamServerService.start(AbstractStreamServerService.java:109)
	at org.jboss.msc.service.ServiceControllerImpl$StartTask.startService(ServiceControllerImpl.java:1811) [jboss-msc-1.0.2.GA.jar:1.0.2.GA]
	at org.jboss.msc.service.ServiceControllerImpl$StartTask.run(ServiceControllerImpl.java:1746) [jboss-msc-1.0.2.GA.jar:1.0.2.GA]
	at java.util.concurrent.ThreadPoolExecutor.runWorker(Unknown Source) [rt.jar:1.7.0_45]
	at java.util.concurrent.ThreadPoolExecutor$Worker.run(Unknown Source) [rt.jar:1.7.0_45]
	at java.lang.Thread.run(Unknown Source) [rt.jar:1.7.0_45]
Caused by: java.net.BindException: Address already in use: bind
	at sun.nio.ch.Net.bind0(Native Method) [rt.jar:1.7.0_45]
	at sun.nio.ch.Net.bind(Unknown Source) [rt.jar:1.7.0_45]
	at sun.nio.ch.Net.bind(Unknown Source) [rt.jar:1.7.0_45]
	at sun.nio.ch.ServerSocketChannelImpl.bind(Unknown Source) [rt.jar:1.7.0_45]
	at sun.nio.ch.ServerSocketAdaptor.bind(Unknown Source) [rt.jar:1.7.0_45]
	at sun.nio.ch.ServerSocketAdaptor.bind(Unknown Source) [rt.jar:1.7.0_45]
	at org.xnio.nio.NioXnioWorker.createTcpServer(NioXnioWorker.java:287)
	at org.xnio.XnioWorker.createStreamServer(XnioWorker.java:135)
	at org.jboss.remoting3.remote.RemoteConnectionProvider$ProviderInterface.createServer(RemoteConnectionProvider.java:209)
	at org.jboss.as.remoting.AbstractStreamServerService.start(AbstractStreamServerService.java:101)
	... 5 more

00:28:20,050 INFO  [org.jboss.as.connector.subsystems.datasources] (MSC service thread 1-4) JBAS010400: Bound data source [java:jboss/datasources/ExampleDS]
00:28:20,473 INFO  [org.jboss.as.controller] (Controller Boot Thread) JBAS014774: Service status report
JBAS014777:   Services which failed to start:      service jboss.remoting.server.remoting-connector: org.jboss.msc.service.StartException in service jboss.remoting.server.remoting-connector: JBAS017112: Address already in use: bind /127.0.0.1:4447
      service jboss.serverManagement.controller.management.http: org.jboss.msc.service.StartException in service jboss.serverManagement.controller.management.http: Address already in use: bind /127.0.0.1:9990
      service jboss.remoting.server.management: org.jboss.msc.service.StartException in service jboss.remoting.server.management: JBAS017112: Address already in use: bind /127.0.0.1:9999

00:28:20,655 INFO  [org.jboss.as] (Controller Boot Thread) JBAS015954: Admin console is not enabled
00:28:20,655 ERROR [org.jboss.as] (Controller Boot Thread) JBAS015875: JBoss AS 7.1.1.Final "Brontes" started (with errors) in 6132ms - Started 127 of 208 services (6 services failed or missing dependencies, 74 services are passive or on-demand)
00:29:06,954 INFO  [org.jboss.as.configadmin] (ServerService Thread Pool -- 26) JBAS016200: Activating ConfigAdmin Subsystem
00:29:06,998 INFO  [org.jboss.as.connector.subsystems.datasources] (ServerService Thread Pool -- 27) JBAS010403: Deploying JDBC-compliant driver class org.h2.Driver (version 1.3)
00:29:07,176 INFO  [org.jboss.as.osgi] (ServerService Thread Pool -- 39) JBAS011940: Activating OSGi Subsystem
00:29:07,251 INFO  [org.jboss.as.clustering.infinispan] (ServerService Thread Pool -- 31) JBAS010280: Activating Infinispan subsystem.
00:29:07,369 INFO  [org.jboss.as.connector] (MSC service thread 1-2) JBAS010408: Starting JCA Subsystem (JBoss IronJacamar 1.0.9.Final)
00:29:07,391 INFO  [org.jboss.as.webservices] (ServerService Thread Pool -- 48) JBAS015537: Activating WebServices Extension
00:29:07,418 INFO  [org.jboss.as.security] (ServerService Thread Pool -- 44) JBAS013101: Activating Security Subsystem
00:29:07,458 INFO  [org.jboss.as.naming] (ServerService Thread Pool -- 38) JBAS011800: Activating Naming Subsystem
00:29:07,483 INFO  [org.jboss.as.naming] (MSC service thread 1-1) JBAS011802: Starting Naming Service
00:29:07,526 INFO  [org.jboss.as.security] (MSC service thread 1-2) JBAS013100: Current PicketBox version=4.0.7.Final
00:29:07,536 INFO  [org.jboss.as.mail.extension] (MSC service thread 1-1) JBAS015400: Bound mail session [java:jboss/mail/Default]
00:29:07,869 INFO  [org.jboss.ws.common.management.AbstractServerConfig] (MSC service thread 1-1) JBoss Web Services - Stack CXF Server 4.0.2.GA
00:29:08,151 INFO  [org.jboss.as.server.deployment.scanner] (MSC service thread 1-1) JBAS015012: Started FileSystemDeploymentService for directory C:\Users\DELL\Desktop\mvn\hw\target\jboss-as-run\jboss-as-7.1.1.Final\standalone\deployments
00:29:08,441 INFO  [org.jboss.as.remoting] (MSC service thread 1-1) JBAS017100: Listening on /127.0.0.1:9999
00:29:08,453 INFO  [org.apache.coyote.http11.Http11Protocol] (MSC service thread 1-2) Démarrage de Coyote HTTP/1.1 sur http--127.0.0.1-8080
00:29:08,454 INFO  [org.jboss.as.remoting] (MSC service thread 1-1) JBAS017100: Listening on /127.0.0.1:4447
00:29:08,738 INFO  [org.jboss.as.connector.subsystems.datasources] (MSC service thread 1-1) JBAS010400: Bound data source [java:jboss/datasources/ExampleDS]
00:29:08,982 INFO  [org.jboss.as] (Controller Boot Thread) JBAS015951: Admin console listening on http://127.0.0.1:9990
00:29:08,982 INFO  [org.jboss.as] (Controller Boot Thread) JBAS015874: JBoss AS 7.1.1.Final "Brontes" started in 5046ms - Started 133 of 208 services (74 services are passive or on-demand)
00:29:12,282 INFO  [org.jboss.as.repository] (management-handler-thread - 4) JBAS014900: Content added at location C:\Users\DELL\Desktop\mvn\hw\target\jboss-as-run\jboss-as-7.1.1.Final\standalone\data\content\28\7d55087a4cdec9c8a9bb6f768bf7ad7b4ee96b\content
00:29:12,302 INFO  [org.jboss.as.server.deployment] (MSC service thread 1-2) JBAS015876: Starting deployment of "hw.war"
00:29:12,797 INFO  [org.jboss.as.jpa] (MSC service thread 1-2) JBAS011401: Read persistence.xml for primary
00:29:12,896 INFO  [org.jboss.weld.deployer] (MSC service thread 1-3) JBAS016002: Processing weld deployment hw.war
00:29:12,997 INFO  [org.jboss.weld.deployer] (MSC service thread 1-3) JBAS016005: Starting Services for CDI deployment: hw.war
00:29:13,037 INFO  [org.jboss.weld.Version] (MSC service thread 1-3) WELD-000900 1.1.5 (AS71)
00:29:13,130 INFO  [org.jboss.as.connector.subsystems.datasources] (MSC service thread 1-1) JBAS010400: Bound data source [jboss/datasources/hwDS]
00:29:13,134 INFO  [org.jboss.as.jpa] (MSC service thread 1-4) JBAS011402: Starting Persistence Unit Service 'hw.war#primary'
00:29:13,316 INFO  [org.hibernate.annotations.common.Version] (MSC service thread 1-4) HCANN000001: Hibernate Commons Annotations {4.0.1.Final}
00:29:13,332 INFO  [org.hibernate.Version] (MSC service thread 1-4) HHH000412: Hibernate Core {4.0.1.Final}
00:29:13,335 INFO  [org.hibernate.cfg.Environment] (MSC service thread 1-4) HHH000206: hibernate.properties not found
00:29:13,339 INFO  [org.hibernate.cfg.Environment] (MSC service thread 1-4) HHH000021: Bytecode provider name : javassist
00:29:13,366 INFO  [org.hibernate.ejb.Ejb3Configuration] (MSC service thread 1-4) HHH000204: Processing PersistenceUnitInfo [
	name: primary
	...]
00:29:13,627 INFO  [org.hibernate.service.jdbc.connections.internal.ConnectionProviderInitiator] (MSC service thread 1-4) HHH000130: Instantiating explicit connection provider: org.hibernate.ejb.connection.InjectedDataSourceConnectionProvider
00:29:14,017 INFO  [org.hibernate.dialect.Dialect] (MSC service thread 1-4) HHH000400: Using dialect: org.hibernate.dialect.H2Dialect
00:29:14,026 WARN  [org.hibernate.dialect.H2Dialect] (MSC service thread 1-4) HHH000431: Unable to determine H2 database version, certain features may not work
00:29:14,034 INFO  [org.hibernate.engine.jdbc.internal.LobCreatorBuilder] (MSC service thread 1-4) HHH000423: Disabling contextual LOB creation as JDBC driver reported JDBC version [3] less than 4
00:29:14,045 INFO  [org.hibernate.engine.transaction.internal.TransactionFactoryInitiator] (MSC service thread 1-4) HHH000268: Transaction strategy: org.hibernate.engine.transaction.internal.jta.CMTTransactionFactory
00:29:14,055 INFO  [org.hibernate.hql.internal.ast.ASTQueryTranslatorFactory] (MSC service thread 1-4) HHH000397: Using ASTQueryTranslatorFactory
00:29:14,276 INFO  [org.hibernate.tool.hbm2ddl.SchemaExport] (MSC service thread 1-4) HHH000227: Running hbm2ddl schema export
00:29:14,284 INFO  [org.hibernate.tool.hbm2ddl.SchemaExport] (MSC service thread 1-4) HHH000230: Schema export complete
00:29:14,314 INFO  [org.jboss.weld.deployer] (MSC service thread 1-4) JBAS016008: Starting weld service for deployment hw.war
00:29:15,095 Infos [javax.enterprise.resource.webcontainer.jsf.config] (MSC service thread 1-1) Initialisation de Mojarra 2.1.7-jbossorg-1 (20120227-1401) pour le contexte «/hw»
00:29:15,839 INFO  [org.hibernate.validator.util.Version] (MSC service thread 1-1) Hibernate Validator 4.2.0.Final
00:29:16,017 INFO  [org.jboss.web] (MSC service thread 1-1) JBAS018210: Registering web context: /hw
00:29:16,158 INFO  [org.jboss.as.server] (management-handler-thread - 4) JBAS018559: Deployed "hw.war"
